<?xml version="1.0" encoding="UTF-8"?>
<!-- Generated by org.testng.reporters.JUnitReportReporter -->
<testsuite hostname="DESKTOP-UOK7NUO" failures="0" tests="2" name="com.training.sanity.tests.LoginTests2_set2" time="36.389" errors="0" timestamp="02 Jul 2019 07:51:27 GMT" skipped="0">
  <testcase classname="com.training.sanity.tests.LoginTests2_set2" name="validLoginTest" time="4.986"/>
  <testcase classname="com.training.sanity.tests.LoginTests2_set2" name="actualTest" time="31.403"/>
</testsuite> <!-- com.training.sanity.tests.LoginTests2_set2 -->
