<?xml version="1.0" encoding="UTF-8"?>
<!-- Generated by org.testng.reporters.JUnitReportReporter -->
<testsuite hostname="DESKTOP-UOK7NUO" failures="0" tests="2" name="com.training.sanity.tests.LoginTests" time="16.910" errors="0" timestamp="18 Jun 2019 06:42:28 GMT" skipped="0">
  <testcase classname="com.training.sanity.tests.LoginTests" name="validLoginTest" time="6.520"/>
  <testcase classname="com.training.sanity.tests.LoginTests" name="actualTest" time="10.390"/>
</testsuite> <!-- com.training.sanity.tests.LoginTests -->
