<?xml version="1.0" encoding="UTF-8"?>
<!-- Generated by org.testng.reporters.JUnitReportReporter -->
<testsuite hostname="DESKTOP-UOK7NUO" failures="0" tests="2" name="com.training.sanity.tests.LoginTests3_set2" time="37.522" errors="0" timestamp="03 Jul 2019 15:28:02 GMT" skipped="0">
  <testcase classname="com.training.sanity.tests.LoginTests3_set2" name="validLoginTest" time="5.163"/>
  <testcase classname="com.training.sanity.tests.LoginTests3_set2" name="actualTest" time="32.359"/>
</testsuite> <!-- com.training.sanity.tests.LoginTests3_set2 -->
