<?xml version="1.0" encoding="UTF-8"?>
<!-- Generated by org.testng.reporters.JUnitReportReporter -->
<testsuite hostname="DESKTOP-UOK7NUO" failures="0" tests="2" name="com.training.sanity.tests.LoginTests1_set2" time="28.919" errors="0" timestamp="22 Jun 2019 10:18:19 GMT" skipped="0">
  <testcase classname="com.training.sanity.tests.LoginTests1_set2" name="validLoginTest" time="10.558"/>
  <testcase classname="com.training.sanity.tests.LoginTests1_set2" name="actualTest" time="18.361"/>
</testsuite> <!-- com.training.sanity.tests.LoginTests1_set2 -->
