<?xml version="1.0" encoding="UTF-8"?>
<!-- Generated by org.testng.reporters.JUnitReportReporter -->
<testsuite hostname="DESKTOP-UOK7NUO" failures="0" tests="2" name="com.training.sanity.tests.LoginTests3" time="17.279" errors="0" timestamp="18 Jun 2019 07:09:13 GMT" skipped="0">
  <testcase classname="com.training.sanity.tests.LoginTests3" name="validLoginTest" time="6.312"/>
  <testcase classname="com.training.sanity.tests.LoginTests3" name="actualTest" time="10.967"/>
</testsuite> <!-- com.training.sanity.tests.LoginTests3 -->
