<?xml version="1.0" encoding="UTF-8"?>
<!-- Generated by org.testng.reporters.JUnitReportReporter -->
<testsuite hostname="DESKTOP-UOK7NUO" failures="0" tests="2" name="com.training.sanity.tests.LoginTests2" time="20.232" errors="0" timestamp="17 Jun 2019 07:36:05 GMT" skipped="0">
  <testcase classname="com.training.sanity.tests.LoginTests2" name="validLoginTest" time="6.186"/>
  <testcase classname="com.training.sanity.tests.LoginTests2" name="actualTest" time="14.046"/>
</testsuite> <!-- com.training.sanity.tests.LoginTests2 -->
