<?xml version="1.0" encoding="UTF-8"?>
<!-- Generated by org.testng.reporters.JUnitReportReporter -->
<testsuite hostname="DESKTOP-UOK7NUO" failures="0" tests="2" name="com.training.sanity.tests.LoginTests4_set2" time="28.533" errors="0" timestamp="04 Jul 2019 11:32:53 GMT" skipped="0">
  <testcase classname="com.training.sanity.tests.LoginTests4_set2" name="validLoginTest" time="4.980"/>
  <testcase classname="com.training.sanity.tests.LoginTests4_set2" name="actualTest" time="23.553"/>
</testsuite> <!-- com.training.sanity.tests.LoginTests4_set2 -->
